[debug] [2022-12-14T10:51:28.639Z] ----------------------------------------------------------------------
[debug] [2022-12-14T10:51:28.642Z] Command:       C:\Program Files\nodejs\node.exe C:\Program Files\nodejs\node_modules\firebase-tools\lib\bin\firebase.js init firestore
[debug] [2022-12-14T10:51:28.643Z] CLI Version:   11.16.1
[debug] [2022-12-14T10:51:28.643Z] Platform:      win32
[debug] [2022-12-14T10:51:28.643Z] Node Version:  v14.18.0
[debug] [2022-12-14T10:51:28.657Z] Time:          Wed Dec 14 2022 17:51:28 GMT+0700 (Indochina Time)
[debug] [2022-12-14T10:51:28.657Z] ----------------------------------------------------------------------
[debug] 
[debug] [2022-12-14T10:51:28.746Z] > command requires scopes: ["email","openid","https://www.googleapis.com/auth/cloudplatformprojects.readonly","https://www.googleapis.com/auth/firebase","https://www.googleapis.com/auth/cloud-platform"]
[debug] [2022-12-14T10:51:28.747Z] > authorizing via signed-in user (pannatat7002@gmail.com)
[info] 
     ######## #### ########  ######## ########     ###     ######  ########
     ##        ##  ##     ## ##       ##     ##  ##   ##  ##       ##
     ######    ##  ########  ######   ########  #########  ######  ######
     ##        ##  ##    ##  ##       ##     ## ##     ##       ## ##
     ##       #### ##     ## ######## ########  ##     ##  ######  ########

You're about to initialize a Firebase project in this directory:

  D:\Project\Dashboard-profile

Before we get started, keep in mind:

  * You are initializing within an existing Firebase project directory

